<?xml version="1.0" encoding="UTF-8"?>
<!-- Generated by org.testng.reporters.JUnitReportReporter -->
<testsuite ignored="0" hostname="LAPTOP-RDT1R7ET" failures="0" tests="1" name="ExtentReportDemo" time="1.038" errors="0" timestamp="26 Aug 2021 01:01:44 GMT" skipped="0">
  <testcase classname="ExtentReportDemo" name="loginTest" time="1.038"/>
</testsuite> <!-- ExtentReportDemo -->
